[   0.00000 Lin version4.5.0-5-gnerc builddlc01am64-013) gcc version 7.3.0 (Ubuntu 7.3.0-16ubuntu3)) #54-Ubuntu SMP Mon May 6 18:46:08 UTC 2019 (Ubuntu 4.15.0-50.54-generic 4.15.18)
[    000000]Comman line BOO_IAGE/bot/vminuz-4.15.0-5-generc ooUUID=ff94954af-46b6af2-f17888fe rconsole=tty conol=tty0
[    0.000000] KERNEL suppored cus:
   000000] Intel enineInel
[    000000]  AMDAuhetiAMD[    .00000] Centr CetarHauls
[   0.0000]x8/fpu Supporting XSAVE feature 0x001: 'x87 floating point registers'
[    0.000000] x86/fpu: Supporting XSAVE feature 0x002: 'SSE registers'
[    0.000000] x86/fp: Supporting XSAVE feature 0x004: 'AVX registers'
[    0.000000] x86/fpu: xstate_offset[2]:  576, xstate_sizes[2]:  256
[    0.000000] x86/fpu: Enabled xstate features 0x7, context size is 832 bytes, using 'standard' format.
[    0.000000] e820: BIOS-provided physical RAM map:
[    0.000000] BIOS-e820: [mem 0x0000000000000000-0x000000000009fbff] usable
[    0.000000] BIOS-e820: [mem 0x000000000009fc00-0x000000000009ffff] reserved
[    0.000000] BIOS-e820: [mem 0x00000000000f0000-0x00000000000fffff] reseved
[   .0000] BIS-820: [mm 0x000000100000x0000003ffeffff] usable
[   0.000000] BIOS-e820: [mem 0x000000003fff0000-0x000000003ffffff API da
[  0.0000] BIOS-820:[mm 000000fec00000-0x00000000fec00fff] reserved
[    0.000000] BIOS-e820: [mm 0x000000fee00000-x0000000ee00ff] eserve
[   0.000000] IOS-e80: [mem x0000000fffc0000-0x00000000fffffff]reserve
[    0000000 NX (ExeuteDisable protection: ative
[   0.000000] SMBIOS 25 presen.
[    0.000000] DMI: innoek GmbHVirtualBox/VirtualBox, BIS VirtulBox 12/01/200
[   0.000000] Hyervisor detected: KVM
[    0.000000] e820: lastpfn = 0xfff0 maxarch_pfn = 0x40000000
[    0.00000] MTRR: Dsabled
    0.000000] x86/PAT: MTRRs disabled, skipping PAT iitializatin too.
[    0.000000] CPU MTRRsall lank - virtualized system.
    0.0000] 6/PA: onfiurtion [07] WB WT UC-C  WB  W UC-UC 
[   0.0000] found SMP P-taleat [me0x0009fff0-0x0009fff] apedat[       trva)]
[  0.000000] caning 1 aeas orlow memryorrupton
[   .00000 RAMDISK: mem 0x59d1000x36cdfff]
[  0.00000]ACPI Erly table checksum verification disabled
[    0.000000] ACPI: RSDP 0x00000000000E0000 000024 (v02 VBO  )
[   0.0000] ACPI: XST 0x000000003FFF03000003 (01 VB   VBXXDT 000001 AS 000001)
    000000]CPI:ACP x0000003FF00F0 0000F (04BOX   VBOXFACP 00000001 AS  000006)[    000000] PI: DSD 000000003FFF0470 0021FF (v02 VBOX   VBOXBIOS 00000002 INTL 20100528)
[    0.000000] ACPI: FACS 0x000000003FFF0200 000040
[    0.000000] ACPI: FACS 0x000000003FFF0200 000040
[    0.000000] ACPI: APIC 0x000000003FFF0240 00005C (v02 VBOX   VBOXAPIC 00000001 ASL  00000061)
[    0.000000] ACPI: SSDT 0x000000003FFF02A0 0001CC (v01 VBOX   VBOXCPUT 00000002 INTL 20100528)
[    0.000000] No NUMA configration found
[   .000000] Faking a node at [mem 0x0000000000000000-0x000000003ffeffff]
[    0.000000] NODE_DATA(0) allocated [mem 0x3ffc5000-0x3ffeffff]
[    0.000000] kvm-clock: cpu 0, msr 0:3ff44001, primary cpu clock
[    0.000000] kvm-clock: Using msrs 4b564d01 and 4b564d00
[    0.000000] kvm-clock: using sched offset of 4043845894 cycles
[    0.000000] clocksource: kvm-clock: mask: 0xffffffffffffffff max_cycles: 0x1cd42e4dffb, max_idle_ns: 881590591483 ns
[    0.000000] Zone ranges:
[    0.000000]   DMA    [em 000000000001000-0x00000000fffff]
[   0000000   DA3   [me 0x00000001000000-0x000000003ffefff]
[   0.0000]   oral   epty
   0.000000  Devce  empy
[   00000] Movalezonestrt foeach de
[    0.000000] Eary emry od rnges
[    0.000000]   node   0: [memx00000000001000-0x000000000009efff]
[    0.000000]   node   0: [mem 0x0000000000100000-0x000000003ffeffff]
[    0.000000] Reserved but unavailable: 114 pages
[    0.000000] Initmem setup node 0 [mem 0x0000000000001000-0x000000003ffeffff]
[    0.000000] ACPI: PM-Timer IO Port: 0x4008
[    0.000000] IOAPIC[0]: apic_id 2, version 32, address 0xfec00000, GSI 0-23
[    0.000000] ACPI: INT_SRC_OVR (bus 0 bus_irq 0 global_irq 2 dfl dfl)
[    0.000000] ACPI: INT_SRC_OVR (bus 0 bus_irq 9 globalrq 9 low level)
[    0.000000] Using ACPI (MADT) for SMP configuration information
[    0.000000] smpboot: Allowing 2 CPUs, 0 hotplug CPUs
    0.000000] PM: Registered nosave memory: [mem 0x00000000-0x00000fff]
[    0.000000] PM: Registered nosave memory: [mem 0x0009f000-0x0009ffff]
[    0.000000] PM: Registered nosave memory: [mem 0x000a0000-0x000effff]
[    .000000] PM Rgistered nosave mmory: [mem 0x000f0000-0x000fffff]
[    0.000000] e820: [mem 0x40000000-0xfebfffff] available for PCI devices
[    0.000000] Booting paravirtualized kernel on KVM
[    0.000000] clocksource: refined-jiffies: mask: 0xffffff max_cycles: 0xffffffff, max_idle_ns: 7645519600211568 ns
[    0.000000] random: getrandom_bytes called from sta_kernel+x99/0x4fd with crng_nit=0
[  0.0000] setup_ercpu: NR_CPUS:819 nr_cmask_bits:2 nr_cp_ids:2 nr_node_ids:1
[    0.000000] percpu: Embedded 46 pages/cpu @        (ptrval) s151552 r192 d28672 u1048576
   0.0000] PV spinoc hash table eries256 (der: 0, 4096 ytes)
[   0.0000 Bilt  zonelists, mobility grouping on.  Total pages: 257913
[    0.000000] Policy zone: DMA32
[    0.000000] Kernel command line: BOOT_IMAGE=/boot/vmlnuz-4.150-0-generi rotUID=cff9495-4abf-46b6-af2-df147a8ffe roconsoe=ty1 csole=tty0
[    .00000]Meory: 9060K/18120Kavilale(1230K erne cde, 2474Krwdata, 4276 rda, 241K init, 2416 bss, 65060K reserved, 0K cma-esered)
[    0.000000] SLUB: HWalign=64, Order0-3, Minbjects, CPU=2, Node=1
[   .000000] Kernel/User page tables isolation: enabled
[    0.000000] ftrace: allocating 39233 entries in 154 pages
[    0.004000] Hierarchical RCU implementation.
[    0.004000] 	RCU restricting CPUs from NR_CPUS=8192 to nr_cpu_ids=2.
[    0.004000] 	Tasks RCU enabled.
[    0.004000] RCU: Adjusting geometry for rcu_fanout_leaf=16, nr_cpu_ids=2
[    0.004000] NR_IRQS: 52454, nr_irqs: 440, preallocated irqs: 1
[    0.004000] Console: colour VGA+ 80x25
[    0.004000] console [tty1] enabled
[    0.0400] cosole [ttyS0 eabled
[    0.004000] ACPI: Core revision 20170831
[    0.00000] ACPI: 2 ACPI AML tables successfully acquired and loaded
[    0.004000] APIC: Switch to symmetric I/O mode setup
[    0.004000] x2apic enabled
[    0.004008] Switched APIC routing to physical x2apic.
[    0.012324] ..TIMER: vector=0x30 apic1=0 pin1=2 apic2=-1 pin2=-1
[    0.016011] tsc: Detected 1600.000 MHz processor
[    0.020016] Calibrating delay loop (skipped) preset value.. 3200.00 BogoMIPS (lpj=6400000)
[    0.024009] pid_max: default: 32768 minimum: 301
[    0.028043] Security Framework initialized
[    0.028936] Yama: becoming mindful.
[    0.029732] AppArmor: AppArmor initialized
[    0.033644] Dentry cache hash table entries: 131072 (order: 8, 1048576 bytes)
[    0.036086] Inode-cache hash table entries: 65536 (order: 7, 524288 bytes)
[    0.040035] Mount-cache hash table entries: 2048 (order: 2, 16384 bytes)
[    0.041531] Mountpoint-cache hash table entries: 2048 (order: 2, 16384 bytes)
[    0.044384] mce: CPU supports 0 MCE banks
[    0.048026] Last level iTLB entries: 4KB 64, 2MB 88 4MB 8
[    0.052012] Last level dTLB entries: 4KB 64, 2MB 0, 4MB 0, 1GB 4
[    0.056009] Spectre V2 : Mitigation: Full generic retpoline
[    0.060006] Spectre V2 : Spectre v2 / SpectreRSB mitigation: Filling RSB on context switch
[    0.064007] Speculative Store Bypass: Vulnerable
[    0.068058] MDS: Vulnerable: Clear CPU buffers attempted, no microcode
[    0.069510] Freeing SMP alternatives memory: 36K
[    0.076000] smpboot: CPU0: Intel(R) Core(TM) i5-5250U CPU @ 1.60GHz (family: 0x6, model: 0x3d, stepping: 0x4)
[    0.076500] Performance Events: unsupported p6 CPU model 61 no PMU driver, software events only.
[    0.080077] Hierarchical SRCU implementation.
[    0.084932] NMI watchdog: Perf event create on CPU 0 failed with -2
[    0.088007] NMI watchdog: Perf NMI watchdog permanently disabled
[    0.092133] smp: Bringing up secondary CPUs ...
[    0.096131] x86: Booting SMP configuration:
[    0.100013] .... node  #0, CPUs:      #1
[    0.004000] kvm-clock: cpu 1, msr 0:3ff44041, secondary cpu clock
[    0.004000] mce: CPU supports 0 MCE banks
[    0.132084] smp: Brought up 1 node, 2 CPUs
[    0.136011] smpboot: Max logical packages: 1
[    0.140009] smpboot: Total of 2 processors activated (6400.00 BogoMIPS)
[    0.148065] devtmpfs: initialized
[    0.152069] x86/mm: Memory bbock size: 128MB
[    0.156229] evm: security.selinux
[    0.160010] evm: security.SMACK64
[    0.164012] evm: security.SMACK64EXEC
[    0.168009] evm: security.SMACK64TRANSMUTE
[    0.172011] evm: security.SMACK64MMAP
[    0.176008] evm: security.apparmor
[    0.180009] evm: security.ima
[    0.184010] evm: security.capability
[    0.188380] clocksource: jiffies: mask: 0xffffffff max_cycles: 0xffffffff, max_idle_ns: 7645041785100000 ns
[    0.192025] futex hash table entries: 512 (order: 3, 32768 bytes)
[    0.196235] pinctrl core: initialized pinctrl subsystem
[    0.204161] RTC time: 10:05:37, date: 05/26/19
[    0.208292] NET: Registered protocol family 16
[    0.209711] audit: initializing netlink subsys (disabled)
[    0.212045] audit: type=2000 audit(1558865126.335:1): state=initialized audit_enabled=0 res=1
[    0.320012] cpuidle: using governor ladder
[    0.324022] cpuidle: using governor menu
[    0.328089] ACPI: bus type PCI registered
[    0.329408] acpiphp: ACPI Hot Plug PCI Controller Driver version: 0.5
[    0.332121] PCI: Using configuration type 1 for base access
[    0.336961] HugeTLB registered 2.00 MiB page size, pre-allocated 0 pages
[    0.344122] ACPI: Added _OSI(Module Device)
[    0.348013] ACPI: Added _OSI(Processor Device)
[    0.352006] ACPI: Added _OSI(3.0 _SCP Extensions)
[    0.356011] ACPI: Added _OSI(Processor Aggregator Device)
[    0.357585] ACPI: Added _OSI(Linux-Dell-Video)
[    0.360009] ACPI: Added _OSI(Linux-Lenovo-NV-HDMI-Audio)
[    0.364008] ACPI: Added _OSI(Linux-HPI-Hybrid-Graphics)
[    0.368301] ACPI: Executed 1 blocks of module-level executable AML code
[    0.377620] ACPI: Interpreter enabled
[    0.380045] ACPI: (supports S0 S5)
[    0.384017] ACPI: Using IOAPIC for interrupt routing
[    0.388294] PCI: Using host bridge windows from ACPI; if necessary, use "pci=nocrs" and report a bug
[    0.392189] ACPI: Enabled 2 GPEs in block 00 to 07
[    0.409679] ACPI: PCI Root Bridge [PCI0] (domain 0000 [bus 00-ff])
[    0.412021] acpi PNP0A03:00: _OSC: OS supports [ASPM ClockPM Segments MSI]
[    0.416047] acpi PNP0A03:00: _OSC: not requesting OS control; OS requires [ExtendedConfig ASPM ClockPM MSI]
[    0.420022] acpi PNP0A03:00: fail to add MMCONFIG information, can't access extended PCI configuration space under this bridge.
[    0.424600] PCI host bridge to bus 0000:00
[    0.428014] pci_bus 0000:00: root bus resource [io  0x0000-0x0cf7 window]
[    0.432010] pci_bus 0000:00: root bus resource [io  0x0d00-0xffff window]
[    0.436011] pci_bus 0000:00: root bus resource [mem 0x000a0000-0x000bffff window]
[    0.440011] pci_bus 0000:00: root bus resource [mem 0x40000000-0xfdffffff window]
[    0.444011] pci_bus 0000:00: root bus resource [bus 00-ff]
[    0.453608] pci 0000:00:01.1: legacy IDE quirk: reg 0x10: [io  0x01f0-0x01f7]
[    0.456010] pci 0000:00:01.1: legacy IDE quirk: reg 0x14: [io  0x03f6]
[    0.460016] pci 0000:00:01.1: legacy IDE quirk: reg 0x18: [io  0x0170-0x0177]
[    0.464015] pci 0000:00:01.1: legacy IDE quirk: reg 0x1c: [io  0x0376]
[    0.491241] pci 0000:00:07.0: quirk: [io  0x4000-0x403f] claimed by PIIX4 ACPI
[    0.492026] pci 0000:00:07.0: quirk: [io  0x4100-0x410f] claimed by PIIX4 SMB
[    0.518162] ACPI: PCI Interrupt Link [LNKA] (IRQs 5 9 10 *11)
[    0.520376] ACPI: PCI Interrupt Link [LNKB] (IRQs 5 9 *10 11)
[    0.524164] ACPI: PCI Interrupt Link [LNKC] (IRQs 5 *9 10 11)
[    0.528149] ACPI: PCI Interrupt Link [LNKD] (IRQs 5 9 10 *11)
[    0.532500] SCSI subsystem initialized
[    0.536087] pci 0000:00:02.0: vgaarb: setting as boot VGA device
[    0.540000] pci 0000:00:02.0: vgaarb: VGA device added: decodes=io+mem,owns=io+mem,locks=none
[    0.540016] pci 0000:00:02.0: vgaarb: bridge control possible
[    0.544010] vgaarb: loaded
[    0.548063] ACPI: bus type USB registered
[    0.552068] usbcore: registered new interface driver usbfs
[    0.556047] usbcore: registered new interface driver hub
[    0.560053] usbcore: registered new device driver usb
[    0.564158] EDAC MC: Ver: 3.0.0
[    0.568276] PCI: Using ACPI for IRQ routing
[    0.572372] NetLabel: Initializing
[    0.574617] NetLabel:  domain hash size = 128
[    0.576004] NetLabel:  protocols = UNLABELED CIPSOv4 CALIPSO
[    0.580038] NetLabel:  unlabeled traffic allowed by default
[    0.584134] clocksource: Switched to clocksource kvm-clock
[   0.7757 VFS: Disk quotas dquot_6.6.0
[    0.867142] VFS: Dqotcae astale entries51(oer, 96 bytes)
[    1.398913] AppArmor: AppArmor Filesystem Enabled
[    1.400168] pnp: PnP ACPI it[  15318]pn PnP ACP: un3 eves
[  2.1157] ocoue:cppm: mask: 0xffffff max_cycles: 0ffffmaidle_s:085701024 ns
[    2.79649]NE Risred protocol family 2

[    .018 T eabshed hash table entries: 8192 (order: 4, 65536 bytes)
[    3.348146] TCP bind hash table entries: 8192 (order: 5, 131072 bytes)
[    3.349622] TCP: Hash tables configured (established 8192 bind 8192)
[    3.351092] UDP hash table entries: 512 (order: 2, 16384 bytes)
[    3.352457] UDP-Lite hash table entries: 512 (order: 2, 16384 bytes)
[    3.353927] NET: Registered protocol family 1
[    3.354963] pci 0000:00:00.0: Limiting diecPCPCtraners
[    3.8713] i 0000:00:ctatg A MA hang workarounds[   1568pc00:002: dedece withhaweROatme 0x000c00-000ff
[   3499Unpacking initramfs...

[    5.959206] Freeing initrd memory: 19516K
[    6.056628] clocksource: tsc: mask: 0xffffffffffffffff max_cycles: 0x171024fa93b, max_idle_ns: 440795253189 ns
[    6.264654] platform rtc_cmos: registered platform RTC device (no PNP device found)
[    6.327114] Scanning for low memory corruption every 60 seconds
[    6.329275] Initialise system trusted keyrings
[    6.433960] Key type blacklist registered
[    6.522161] workingset: timestamp_bits=36 max_order=18 bucket_order=0
[    6.683538] zbud: loaded
[    6.700605] squashfs: version 4.0 (2009/01/31) Phillip Lougher
[    6.868673] fuse init (API version 7.26)
[    6.945145] Key type asymmetric registered
[    6.975665] Asymmetric key parser 'x509' registered
[    6.994378] Block layer SCSI generic (bsg) driver version 0.4 loaded (major 246)
[    7.007794] io scheduler noop registered
[    7.040876] io scheduler deadline registered
[    7.066779] io scheduler cfq registered (default)
[    7.126657] ACPI: AC Adapter [AC] (off-line)
[    7.167450] input: Power Button as /devices/LNXSYSTM:00/LNXPWRBN:00/input/input0
[    7.246216] ACPI: Power Button [PWRF]
[    7.266970] input: Sleep Button as /devices/LNXSYSTM:00/LNXSLPBN:00/input/input1
[    7.396741] ACPI: Sleep Button [SLPF]
[    7.518787] Serial: 8250/16550 driver, 32 ports, IRQ sharing enabled
[    7.520060] ACPI: Battery Slot [BAT0] (battery present)
[    7.737226] 00:02: ttyS0 at I/O 0x3f8 (irq = 4, base_baud = 115200) is a 16550A
[    7.781403] Linux agpgart interface v0.103
[    7.846079] loop: module loaded
[    7.863145] scsi host0: ata_piix
[    7.879397] scsi host1: ata_piix
[    7.938229] ata1: PATA max UDMA/33 cmd 0x1f0 ctl 0x3f6 bmdma 0xd000 irq 14
[    7.972788] ata2: PATA max UDMA/33 cmd 0x170 ctl 0x376 bmdma 0xd008 irq 15
[    8.037153] libphy: Fixed MDIO Bus: probed
[    8.066929] tun: Universal TUN/TAP device driver, 1.6
[    8.089641] PPP generic driver version 2.4.2
[    8.098085] ehci_hcd: USB 2.0 'Enhanced' Host Controller (EHCI) Driver
[    8.119113] ehci-pci: EHCI PCI platform driver
[    8.156357] ehci-platform: EHCI generic platform driver
[    8.157438] ohci_hcd: USB 1.1 'Open' Host Controller (OHCI) Driver
[    8.158522] ohci-pci: OHCI PCI platform driver
[    8.185505] ohci-platform: OHCI generic platform driver
[    8.279093] uhci_hcd: USB Universal Host Controller Interface driver
[    8.315293] i8042: PNP: PS/2 Controller [PNP0303:PS2K,PNP0f03:PS2M] at 0x60,0x64 irq 1,12
[    8.320296] serio: i8042 KBD port at 0x60,0x64 irq 1
[    8.467466] serio: i8042 AUX port at 0x60,0x64 irq 12
[    8.581858] mousedev: PS/2 mouse device common for all mice
[    8.650457] input: AT Translated Set 2 keyboard as /devices/platform/i8042/serio0/input/input2
[    8.766644] rtc_cmos rtc_cmos: rtc core: registered rtc_cmos as rtc0
[    8.826117] rtc_cmos rtc_cmos: alarms up to one day, 114 bytes nvram
[    8.827297] i2c /dev entries driver
[    8.827969] pcie_mp2_amd: AMD(R) PCI-E MP2 Communication Driver Version: 1.0
[    8.829296] device-mapper: uevent: version 1.0.3
[    8.830317] device-mapper: ioctl: 4.37.0-ioctl (2017-09-20) initialised: dm-devel@redhat.com
[    8.831862] ledtrig-cpu: registered to indicate activity on CPUs
[    8.927163] NET: Registered protocol family 10
[    8.974046] Segment Routing with IPv6
[    9.015989] NET: Registered protocol family 17
[    9.066029] Key type dns_resolver registered
[    9.110093] RAS: Correctable Errors collector initialized.
[    9.1787 sched_lo: rkg ab (772488,0)(211979726 -13978)
[   0.51] egistered tasksat vsi 1[ 10940]oain compiledn 50ceifats

[   11.131841] Loaded X.509 cert 'Build time autogenerated kernel key: 0d5cb4b7de8533fd8e7240d711ae9d354ea3dca1'
[   11.140136] zswap: loaded using pool lzo/zbud
[   11.146216] Key type big_key registered
[   11.176129] Key type trusted registered
[   11.179340] Key type encrypted registered
[   11.232438] AppArmor: AppArmor sha1 policy hashing enabled
[   11.286271] ima: No TPM chip found, activating TPM-bypass! (rc=-19)
[   11.344909] ima: Allocated hash algorithm: sha1
[   11.380585] evm: HMAC attrs: 0x1
[   11.424958]   Magic number: 3:520:73
[   11.442132] acpi PNP8390:00: hash matches
[   11.513250] rtc_cmos rtc_cmos: setting system clock to 2019-05-26 10:05:50 UTC (1558865150)
[   11.578870] BIOS EDD facility v0.16 2004-Jun-25, 0 devices found
[   11.707750] EDD information not available.
[   11.779566] Freeing unused kernel image memory: 2412K
[   12.132456] Write protecting the kernel read-only data: 20480k
[   12.150151] Freeing unused kernel image memory: 2008K
[   12.151761] Freeing unused kernel image memory: 1868K
[   12.162000] x86/mm: Checked W+X mappings: passed, no W+X pages found.
[   12.815171] x86/mm: Checking user space page tables
[   12.855456] x86/mm: Checked W+X mappings: passed, no W+X pages found.
Loading, please wait...
starting version 237
[   14.827468] e1000: Intel(R) PRO/1000 Network Driver - version 7.3.21-k8-NAPI
[   14.837463] e1000: Copyright (c) 1999-2006 Intel Corporation.
[   14.843865] Fusion MPT base driver 3.04.20
[   14.924221] Copyright (c) 1999-2008 LSI Corporation
[   14.942382] Fusion MPT SPI Host driver 3.04.20
[   14.956582] AVX2 version of gcm_enc/dec engaged.
[   14.966470] AES CTR mode by8 optimization enabled
[   15.152287] input: ImExPS/2 Generic Explorer Mouse as /devices/platform/i8042/serio1/input/input4
[   15.329941] e1000 0000:00:03.0 eth0: (PCI:33MHz:32-bit) 02:88:80:28:66:3a
[   15.358387] e1000 0000:00:03.0 eth0: Intel(R) PRO/1000 Network Connection
[   15.747107] e1000 0000:00:08.0 eth1: (PCI:33MHz:32-bit) 08:00:27:66:f2:3b
[   15.800510] e1000 0000:00:08.0 eth1: Intel(R) PRO/1000 Network Connection
[   15.830787] e1000 0000:00:03.0 enp0s3: renamed from eth0
[   15.916996] mptbase: ioc0: Initiating bringup
[   15.946693] e1000 0000:00:08.0 enp0s8: renamed from eth1
[   16.096211] ioc0: LSI53C1030 A0: Capabilities={Initiator}
[   17.378399] scsi host2: ioc0: LSI53C1030 A0, FwRev=00000000h, Ports=1, MaxQ=256, IRQ=20
[   18.377758] scsi 2:0:0:0: Direct-Access     VBOX     HARDDISK         1.0  PQ: 0 ANSI: 5
[   18.472523] scsi target2:0:0: Beginning Domain Validation
[   18.599178] scsi target2:0:0: Domain Validation skipping write tests
[   18.602024] scsi target2:0:0: Ending Domain Validation
[   18.603053] scsi target2:0:0: asynchronous
[   18.604589] scsi 2:0:1:0: Direct-Access     VBOX     HARDDISK         1.0  PQ: 0 ANSI: 5
[   18.636383] scsi target2:0:1: Beginning Domain Validation
[   18.703511] random: fast init done
[   18.965190] scsi target2:0:1: Domain Validation skipping write tests
[   18.996704] scsi target2:0:1: Ending Domain Validation
[   19.027008] scsi target2:0:1: asynchronous
[   19.051961] random: systemd-udevd: uninitialized urandom read (16 bytes read)
[   19.053256] random: systemd-udevd: uninitialized urandom read (16 bytes read)
[   19.066989] random: systemd-udevd: uninitialized urandom read (16 bytes read)
[   19.067339] sd 2:0:0:0: [sda] 20971520 512-byte logical blocks: (10.7 GB/10.0 GiB)
[   19.067410] sd 2:0:0:0: [sda] Write Protect is off
[   19.067515] sd 2:0:0:0: [sda] Incomplete mode parameter data
[   19.067516] sd 2:0:0:0: [sda] Assuming drive cache: write through
[   19.068564]  sda: sda1
[   19.069148] sd 2:0:0:0: [sda] Attached SCSI disk
[   19.160783] sd 2:0:0:0: Attached scsi generic sg0 type 0
[   19.161112] sd 2:0:1:0: Attached scsi generic sg1 type 0
[   19.161701] sd 2:0:1:0: [sdb] 20480 512-byte logical blocks: (10.5 MB/10.0 MiB)
[   19.161804] sd 2:0:1:0: [sdb] Write Protect is off
[   19.162003] sd 2:0:1:0: [sdb] Incomplete mode parameter data
[   19.162006] sd 2:0:1:0: [sdb] Assuming drive cache: write through
[   19.166056] sd 2:0:1:0: [sdb] Attached SCSI disk
[   20.293865] random: systemd-udevd: uninitialized urandom read (16 bytes read)
[   20.293905] random: systemd-udevd: uninitialized urandom read (16 bytes read)
[   20.445214] random: systemd-udevd: uninitialized urandom read (16 bytes read)
Begin: Loading essential drivers ... [   22.162037] raid6: sse2x1   gen()  9375 MB/s
[   22.315641] raid6: sse2x1   xor()  6699 MB/s
[   22.492052] raid6: sse2x2   gen()  6265 MB/s
[   22.552259] raid6: sse2x2   xor()  4831 MB/s
[   22.690431] raid6: sse2x4   gen() 10516 MB/s
[   22.755596] raid6: sse2x4   xor()  8539 MB/s
[   22.924073] raid6: avx2x1   gen()  8593 MB/s
[   22.972298] raid6: avx2x1   xor()  8702 MB/s
[   23.020161] raid6: avx2x2   gen()  6699 MB/s
[   23.072052] raid6: avx2x2   xor()  5012 MB/s
[   23.120129] raid6: avx2x4   gen()  9307 MB/s
[   23.173493] raid6: avx2x4   xor()  8053 MB/s
[   23.236339] raid6: using algorithm sse2x4 gen() 10516 MB/s
[   23.237500] raid6: .... xor() 8539 MB/s, rmw enabled
[   23.287268] raid6: using avx2x2 recovery algorithm
[   23.302026] xor: automatically using best checksumming function   avx       
[   23.346450] async_tx: api initialized (async)
done.
Begin: Running /scripts/init-premount ... done.
Begin: Mounting[   23.421596] Btrfs loaded, crc32c=crc32c-intel
 root file system ... Begin: Running /scripts/local-top ... done.
Begin: Running /scripts/local-premount ... Scanning for Btrfs filesystems
do[   23.623792] EXT4-fs (sda1): mounted filesystem with ordered data mode. Opts: (null)
ne.
Warning: fsck not present, so skipping root file system
done.
Begin: Running /scripts/local-bottom ... done.
Begin: Running /scripts/init-bottom ... done.
[   23.933429] ip_tables: (C) 2000-2006 Netfilter Core Team
[   23.989936] systemd[1]: systemd 237 running in system mode. (+PAM +AUDIT +SELINUX +IMA +APPARMOR +SMACK +SYSVINIT +UTMP +LIBCRYPTSETUP +GCRYPT +GNUTLS +ACL +XZ +LZ4 +SECCOMP +BLKID +ELFUTILS +KMOD -IDN2 +IDN -PCRE2 default-hierarchy=hybrid)
[   24.260018] systemd[1]: Detected virtualization oracle.
[   24.261268] systemd[1]: Detected architecture x86-64.

Welcome to [1mUbuntu 18.04.2 LTS[0m!

[   24.330654] systemd[1]: Set hostname to <ubuntu-bionic>.
[   25.051976] systemd[1]: Set up automount Arbitrary Executable File Formats File System Automount Point.
[[0;32m  OK  [0m] Set up automount Arbitrary Executab…rmats File System Automount Point.
[   25.233599] systemd[1]: Started Forward Password Requests to Wall Directory Watch.
[[0;32m  OK  [0m] Started Forward Password Requests to Wall Directory Watch.
[   25.348629] systemd[1]: Reached target Swap.
[[0;32m  OK  [0m] Reached target Swap.
[   25.421400] systemd[1]: Reached target System Time Synchronized.
[[0;32m  OK  [0m] Reached target System Time Synchronized.
[   25.569508] systemd[1]: Created slice User and Session Slice.
[[0;32m  OK  [0m] Created slice User and Session Slice.
[   25.608766] systemd[1]: Created slice System Slice.
[[0;32m  OK  [0m] Created slice System Slice.
[[0;32m  OK  [0m] Listening on Syslog Socket.
[[0;32m  OK  [0m] Listening on Device-mapper event daemon FIFOs.
[[0;32m  OK  [0m] Reached target Slices.
[[0;32m  OK  [0m] Listening on LVM2 metadata daemon socket.
[[0;32m  OK  [0m] Created slice system-serial\x2dgetty.slice.
[[0;32m  OK  [0m] Listening on Journal Audit Socket.
[[0;32m  OK  [0m] Listening on Network Service Netlink Socket.
[[0;32m  OK  [0m] Listening on udev Kernel Socket.
[[0;32m  OK  [0m] Listening on udev Control Socket.
[[0;32m  OK  [0m] Listening on Journal Socket (/dev/log).
[[0;32m  OK  [0m] Reached target User and Group Name Lookups.
[[0;32m  OK  [0m] Listening on /dev/initctl Compatibility Named Pipe.
[[0;32m  OK  [0m] Listening on Journal Socket.
         Starting Create list of required st…ce nodes for the current kernel...
         Mounting POSIX Message Queue File System...
         [   25.760400] random: crng init done
Starting Remount Root and Kernel[   25.769260] random: 4 urandom warning(s) missed due to ratelimiting
 File Systems...
[   26.524807] EXT4-fs (sda1): re-mounted. Opts: (null)
         Starting Monitoring of LVM2 mirrors…ng dmeventd or progress polling...
         Starting Uncomplicated firewall...
         Mounting Huge Pages File System...
         Starting Load Kernel Modules...
[   27.806560] Loading iSCSI transport class v2.0-870.
         Starting Journal Service...
         Startin[   27.818172] iscsi: registered transport (tcp)
g Set the console keyboard layout...
         Mounting Kernel Debug File System...
[   27.945921] iscsi: registered transport (iser)
         Starting udev Coldplug all Devices...
[[0;32m  OK  [0m] Listening on LVM2 poll daemon socket.
[[0;32m  OK  [0m] Started Journal Service.
[[0;32m  OK  [0m] Started Create list of required sta…vice nodes for the current kernel.
[[0;32m  OK  [0m] Mounted POSIX Message Queue File System.
[[0;32m  OK  [0m] Started Remount Root and Kernel File Systems.
[[0;32m  OK  [0m] Started Uncomplicated firewall.
[[0;32m  OK  [0m] Mounted Huge Pages File System.
[[0;32m  OK  [0m] Started Load Kernel Modules.
[[0;32m  OK  [0m] Started Set the console keyboard layout.
[[0;32m  OK  [0m] Mounted Kernel Debug File System.
[[0;32m  OK  [0m] Started LVM2 metadata daemon.
         Mounting Kernel Configuration File System...
         Starting Apply Kernel Variables...
         Mounting FUSE Control File System...
         Starting Load/Save Random Seed...
         Starting Initial cloud-init job (pre-networking)...
         Starting Create Static Device Nodes in /dev...
         Starting Flush Journal to Persistent Storage...
[[0;32m  OK  [0m] Started Monitoring of LVM2 mirrors,…sing dmeventd or progress polling.
[[0;32m  OK  [0m] Started udev Coldplug all Devices.
[[0;32m  OK  [0m] Mounted Kernel Configuration File System.
[[0;32m  OK  [0m] Started Apply Kernel Variables.
[[0;32m  OK  [0m] Mounted FUSE Control File System.
[[0;32m  OK  [0m] Started Load/Save Random Seed.
[[0;32m  OK  [0m] Started Create Static Device Nodes in /dev.
         Starting udev Kernel Device Manager...
[[0;32m  OK  [0m] Reached target Local File Systems (Pre).
[[0;32m  OK  [0m] Reached target Local File Systems.
         Starting Set console font and keymap...
         Starting ebtables ruleset management...
         Starting AppArmor initialization...
         Starting Tell Plymouth To Write Out Runtime Data...
[[0;32m  OK  [0m] Started udev Kernel Device Manager.
[[0;32m  OK  [0m] Started Set console font and keymap.
[[0;32m  OK  [0m] Started Tell Plymouth To Write Out Runtime Data.
[[0;32m  OK  [0m] Started Dispatch Password Requests to Console Directory Watch.
[[0;32m  OK  [0m] Reached target Local Encrypted Volumes.
[[0;32m  OK  [0m] Started ebtables ruleset management.
[[0;32m  OK  [0m] Found device /dev/ttyS0.
[[0;32m  OK  [0m] Started Flush Journal to Persistent Storage.
         Starting Create Volatile Files and Directories...
[[0;32m  OK  [0m] Listening on Load/Save RF Kill Switch Status /dev/rfkill Watch.
[[0;32m  OK  [0m] Started Create Volatile Files and Directories.
         Starting Update UTMP about System Boot/Shutdown...
[[0;32m  OK  [0m] Started AppArmor initialization.
[[0;32m  OK  [0m] Started Update UTMP about System Boot/Shutdown.
[   30.964160] cloud-init[422]: Cloud-init v. 18.4-0ubuntu1~18.04.1 running 'init-local' at Sun, 26 May 2019 10:06:09 +0000. Up 30.66 seconds.
[[0;32m  OK  [0m] Started Initial cloud-init job (pre-networking).
[[0;32m  OK  [0m] Reached target Network (Pre).
         Starting Network Service...
[[0;32m  OK  [0m] Started Network Service.
         Starting Network Name Resolution...
         Starting Wait for Network to be Configured...
[[0;32m  OK  [0m] Started Network Name Resolution.
[[0;32m  OK  [0m] Reached target Network.
[[0;32m  OK  [0m] Reached target Host and Network Name Lookups.
[[0;32m  OK  [0m] Started Wait for Network to be Configured.
         Starting Initial cloud-init job (metadata service crawler)...
[   33.681810] cloud-init[681]: Cloud-init v. 18.4-0ubuntu1~18.04.1 running 'init' at Sun, 26 May 2019 10:06:12 +0000. Up 33.46 seconds.
[   33.780357] cloud-init[681]: ci-info: ++++++++++++++++++++++++++++++++++++++Net device info+++++++++++++++++++++++++++++++++++++++
[   33.828396] cloud-init[681]: ci-info: +--------+------+-----------------------------+---------------+--------+-------------------+
[   33.932861] cloud-init[681]: ci-info: | Device |  Up  |           Address           |      Mask     | Scope  |     Hw-Address    |
[[0;32m  OK  [0m] Started Initial cloud-init job (metadata service crawler).
[   34.035299] cloud-init[681]: ci-info: +--------+------+-----------------------------+---------------+--------+-------------------+
[   34.137063] cloud-init[681]: ci-info: | enp0s3 | True |          10.0.2.15          | 255.255.255.0 | global | 02:88:80:28:66:3a |
[[0;32m  OK  [0m] Reached target System Initialization.
[   34.256237] cloud-init[681]: ci-info: | enp0s3 | True |  fe80::88:80ff:fe28:663a/64 |       .       |  link  | 02:88:80:28:66:3a |
[   34.396896] cloud-init[681]: ci-info: | enp0s8 | True |        192.168.33.10        | 255.255.255.0 | global | 08:00:27:66:f2:3b |
[   34.496836] cloud-init[681]: ci-info: | enp0s8 | True | fe80::a00:27ff:fe66:f23b/64 |       .       |  link  | 08:00:27:66:f2:3b |
[[0;32m  OK  [0m] Started Daily apt download activities.
[[0;32m  OK  [0m] Started Daily apt upgrade and clean activities.
[   34.617054] cloud-init[681]: ci-info: |   lo   | True |          127.0.0.1          |   255.0.0.0   |  host  |         .         |
         [   34.752650] cloud-init[681]: ci-info: |   lo   | True |           ::1/128           |       .       |  host  |         .         |
[   34.752923] cloud-init[681]: ci-info: +--------+------+-----------------------------+---------------+--------+-------------------+
[   34.753102] cloud-init[681]: ci-info: +++++++++++++++++++++++++++++Route IPv4 info+++++++++++++++++++++++++++++
[   34.753223] cloud-init[681]: ci-info: +-------+--------------+----------+-----------------+-----------+-------+
[   34.753334] cloud-init[681]: ci-info: | Route | Destination  | Gateway  |     Genmask     | Interface | Flags |
[   34.753524] cloud-init[681]: ci-info: +-------+--------------+----------+-----------------+-----------+-------+
[   34.753635] cloud-init[681]: ci-info: |   0   |   0.0.0.0    | 10.0.2.2 |     0.0.0.0     |   enp0s3  |   UG  |
[   34.753739] cloud-init[681]: ci-info: |   1   |   10.0.2.0   | 0.0.0.0  |  255.255.255.0  |   enp0s3  |   U   |
[   34.753840] cloud-init[681]: ci-info: |   2   |   10.0.2.2   | 0.0.0.0  | 255.255.255.255 |   enp0s3  |   UH  |
[   34.753962] cloud-init[681]: ci-info: |   3   | 192.168.33.0 | 0.0.0.0  |  255.255.255.0  |   enp0s8  |   U   |
Starting Socket activation for snappy daemon.
[   34.754067] cloud-init[681]: ci-info: +-------+--------------+----------+-----------------+-----------+-------+
[[   35.104939] cloud-init[681]: ci-info: +++++++++++++++++++Route IPv6 info+++++++++++++++++++
[   35.105435] cloud-init[681]: ci-info: +-------+-------------+---------+-----------+-------+
[0;32m  OK  [0m] Started Message of the Day.
[   35.105925] cloud-init[681]: ci-info: | Route | Destination | Gateway | Interface | Flags |
[[   35.333427] cloud-init[681]: ci-info: +-------+-------------+---------+-----------+-------+
[   35.333787] cloud-init[681]: ci-info: |   1   |  fe80::/64  |    ::   |   enp0s8  |   U   |
[   35.334803] cloud-init[681]: ci-info: |   2   |  fe80::/64  |    ::   |   enp0s3  |   U   |
[0;32m  OK  [0m] Listening on Open-iSCSI iscsid Socket.
[   35.335013] cloud-init[681]: ci-info: |   4   |    local    |    ::   |   enp0s3  |   U   |
[   35.608698] cloud-init[681]: ci-info: |   5   |    local    |    ::   |   enp0s8  |   U   |
[   35.690750] cloud-init[681]: ci-info: |   6   |   ff00::/8  |    ::   |   enp0s8  |   U   |
[   35.760127] [[0;32m  OK  [0m] Listening on D-Bus System Message Bus Socket.
[[0;32m  OK  [0m] Started Discard unused blocks once a week.
[[0;32m  OK  [0m] Listening on ACPID Listen Socket.
cloud-init[681]: ci-info: |   7   |   ff00::/8  |    ::   |   enp0s3  |   U   |
         Starting LXD - unix socket.
[   35.826210] cloud-init[681]: ci-info: +-------+-------------+---------+-----------+-------+
[[0;32m  OK  [0m] Started ACPI Events Check.
[[0;32m  OK  [0m] Started Daily Cleanup of Temporary Directories.
[[0;32m  OK  [0m] Reached target Timers.
[[0;32m  OK  [0m] Listening on UUID daemon activation socket.
[[0;32m  OK  [0m] Reached target Paths.
[[0;32m  OK  [0m] Reached target Cloud-config availability.
[[0;32m  OK  [0m] Reached target Network is Online.
         Starting Availability of block devices...
[[0;32m  OK  [0m] Reached target Remote File Systems (Pre).
[[0;32m  OK  [0m] Reached target Remote File Systems.
[[0;32m  OK  [0m] Listening on Socket activation for snappy daemon.
[[0;32m  OK  [0m] Listening on LXD - unix socket.
[[0;32m  OK  [0m] Started Availability of block devices.
[[0;32m  OK  [0m] Reached target Sockets.
[[0;32m  OK  [0m] Reached target Basic System.
         Starting vboxadd.service...
         Starting LSB: automatic crash report generation...
         Starting Dispatcher daemon for systemd-networkd...
         Starting LSB: Record successful boot for GRUB...
         Starting Login Service...
         Starting Permit User Sessions...
         Starting Accounts Service...
[[0;32m  OK  [0m] Started Regular background program processing daemon.
[[0;32m  OK  [0m] Started Deferred execution scheduler.
         Starting LXD - container startup/shutdown...
         Starting System Logging Service...
         Starting OpenBSD Secure Shell server...
         Starting Snappy daemon...
[[0;32m  OK  [0m] Started FUSE filesystem for LXC.
[[0;32m  OK  [0m] Started irqbalance daemon.
[[0;32m  OK  [0m] Started D-Bus System Message Bus.
[[0;32m  OK  [0m] Started Login Service.
[[0;32m  OK  [0m] Started Unattended Upgrades Shutdown.
[[0;32m  OK  [0m] Started System Logging Service.
[[0;32m  OK  [0m] Started Dispatcher daemon for systemd-networkd.
[[0;32m  OK  [0m] Started Snappy daemon.
[[0;32m  OK  [0m] Started vboxadd.service.
[[0;32m  OK  [0m] Started Permit User Sessions.
[[0;32m  OK  [0m] Started LXD - container startup/shutdown.
[[0;32m  OK  [0m] Started OpenBSD Secure Shell server.
[[0;32m  OK  [0m] Started LSB: automatic crash report generation.
[[0;32m  OK  [0m] Started LSB: Record successful boot for GRUB.
         Starting Authorization Manager...
         Starting Hold until boot process finishes up...
         Starting Terminate Plymouth Boot Screen...
         Starting vboxadd-service.service...
         Starting Wait until snapd is fully seeded...
[[0;32m  OK  [0m] Started Hold until boot process finishes up.
[[0;32m  OK  [0m] Started Terminate Plymouth Boot Screen.
[[0;32m  OK  [0m] Started vboxadd-service.service.
[[0;32m  OK  [0m] Started Wait until snapd is fully seeded.
[[0;32m  OK  [0m] Started Authorization Manager.
[[0;32m  OK  [0m] Started Accounts Service.
         Starting Apply the settings specified in cloud-config...
[[0;32m  OK  [0m] Started Serial Getty on ttyS0.
         Starting Set console scheme...
[[0;32m  OK  [0m] Started Set console scheme.
[[0;32m  OK  [0m] Created slice system-getty.slice.
[[0;32m  OK  [0m] Started Getty on tty1.
[[0;32m  OK  [0m] Reached target Login Prompts.
[[0;32m  OK  [0m] Reached target Multi-User System.
[[0;32m  OK  [0m] Reached target Graphical Interface.
         Starting Update UTMP about System Runlevel Changes...
[[0;32m  OK  [0m] Created slice User Slice of vagrant.
         Starting User Manager for UID 1000...
[[0;32m  OK  [0m] Started Update UTMP about System Runlevel Changes.
[[0;32m  OK  [0m] Started Session 1 of user vagrant.
[[0;32m  OK  [0m] Started User Manager for UID 1000.
[   39.114987] cloud-init[1193]: Cloud-init v. 18.4-0ubuntu1~18.04.1 running 'modules:config' at Sun, 26 May 2019 10:06:17 +0000. Up 38.94 seconds.
[[0;32m  OK  [0m] Started Apply the settings specified in cloud-config.
         Starting Execute cloud user/final scripts...
[   40.144526] cloud-init[1296]: Cloud-init v. 18.4-0ubuntu1~18.04.1 running 'modules:final' at Sun, 26 May 2019 10:06:18 +0000. Up 39.99 seconds.
[[0;32m  OK  [0m] Started Execute cloud user/final scripts.
[   40.285164] cloud-init[1296]: Cloud-init v. 18.4-0ubuntu1~18.04.1 finished at Sun, 26 May 2019 10:06:19 +0000. Datasource DataSourceNoCloud [seed=/dev/sdb][dsmode=net].  Up 40.13 seconds
[[0;32m  OK  [0m] Reached target Cloud-init target.

Ubuntu 18.04.2 LTS ubuntu-bionic ttyS0

ubuntu-bionic login: [  200.588496] Kernel panic - not syncing: stack-protector: Kernel stack is corrupted in: VbglR0SfCreate+0xc5/0xd0 [vboxsf]
[  200.588496] 
[  200.611666] CPU: 1 PID: 1909 Comm: puma 005 Not tainted 4.15.0-50-generic #54-Ubuntu
[  200.616034] Hardware name: innotek GmbH VirtualBox/VirtualBox, BIOS VirtualBox 12/01/2006
[  200.635995] Call Trace:
[  200.637551]  dump_stack+0x63/0x8b
[  200.639432]  panic+0xe4/0x244
[  200.641123]  ? VbglR0SfCreate+0xc5/0xd0 [vboxsf]
[  200.643373]  ? rtR0MemFree+0x5f/0x80 [vboxguest]
[  200.645970]  __stack_chk_fail+0x19/0x20
[  200.653344]  VbglR0SfCreate+0xc5/0xd0 [vboxsf]
[  200.660475]  ? sf_lookup+0xba/0x200 [vboxsf]
[  200.664370]  ? lookup_fast+0x115/0x320
[  200.673256]  ? _cond_resched+0x19/0x40
[  200.677505]  ? dput.part.23+0x2d/0x1e0
[  200.689110]  ? lookup_slow+0xab/0x170
[  200.696899]  ? walk_component+0x1c3/0x470
[  200.701377]  ? path_init+0x177/0x2f0
[  200.705156]  ? path_lookupat+0x84/0x1f0
[  200.713085]  ? filename_lookup+0xb6/0x190
[  200.718070]  ? __check_object_size+0xaf/0x1b0
[  200.720462]  ? strncpy_from_user+0x4d/0x170
[  200.730264]  ? user_path_at_empty+0x36/0x40
[  200.756013]  ? user_path_at_empty+0x36/0x40
[  200.780492]  ? vfs_statx+0x76/0xe0
[  200.798778]  ? SYSC_newstat+0x3d/0x70
[  200.849227]  ? SyS_newstat+0xe/0x10
[  200.862833]  ? do_syscall_64+0x73/0x130
[  200.863778]  ? entry_SYSCALL_64_after_hwframe+0x3d/0xa2
[  200.865508] Kernel Offset: 0x10400000 from 0xffffffff81000000 (relocation range: 0xffffffff80000000-0xffffffffbfffffff)
[  200.885185] ---[ end Kernel panic - not syncing: stack-protector: Kernel stack is corrupted in: VbglR0SfCreate+0xc5/0xd0 [vboxsf]
[  200.885185] 
